[debug] [2026-05-01T07:56:09.091Z] ----------------------------------------------------------------------
[debug] [2026-05-01T07:56:09.093Z] Command:       C:\nvm4w\nodejs\node.exe C:\nvm4w\nodejs\node_modules\firebase-tools\lib\bin\firebase.js init
[debug] [2026-05-01T07:56:09.093Z] CLI Version:   15.16.0
[debug] [2026-05-01T07:56:09.093Z] Platform:      win32
[debug] [2026-05-01T07:56:09.093Z] Node Version:  v20.20.2
[debug] [2026-05-01T07:56:09.093Z] Time:          Fri May 01 2026 13:26:09 GMT+0530 (India Standard Time)
[debug] [2026-05-01T07:56:09.093Z] ----------------------------------------------------------------------
[debug] 
[info] 
     ######## #### ########  ######## ########     ###     ######  ########
     ##        ##  ##     ## ##       ##     ##  ##   ##  ##       ##
     ######    ##  ########  ######   ########  #########  ######  ######
     ##        ##  ##    ##  ##       ##     ## ##     ##       ## ##
     ##       #### ##     ## ######## ########  ##     ##  ######  ########

You're about to initialize a Firebase project in this directory:

  C:\Rajamani\Personal\DDP

Before we get started, keep in mind:

  * You are currently outside your home directory

[info] 
=== Project Setup
[info] 
[info] First, let's associate this project directory with a Firebase project.
[info] You can create multiple project aliases by running firebase use --add, 
[info] 
[debug] [2026-05-01T07:56:16.856Z] > command requires scopes: ["email","openid","https://www.googleapis.com/auth/cloudplatformprojects.readonly","https://www.googleapis.com/auth/firebase","https://www.googleapis.com/auth/cloud-platform"]
[debug] [2026-05-01T07:56:16.857Z] > authorizing via signed-in user (dindiguldigitalpartner@gmail.com)
[debug] [2026-05-01T07:56:16.858Z] Checked if tokens are valid: true, expires at: 1777625646497
[debug] [2026-05-01T07:56:16.858Z] Checked if tokens are valid: true, expires at: 1777625646497
[debug] [2026-05-01T07:56:16.860Z] >>> [apiv2][query] GET https://firebase.googleapis.com/v1beta1/projects/dindiguldigitalpartners [none]
[debug] [2026-05-01T07:56:17.578Z] <<< [apiv2][status] GET https://firebase.googleapis.com/v1beta1/projects/dindiguldigitalpartners 200
[debug] [2026-05-01T07:56:17.578Z] <<< [apiv2][body] GET https://firebase.googleapis.com/v1beta1/projects/dindiguldigitalpartners {"projectId":"dindiguldigitalpartners","projectNumber":"203323277636","displayName":"dindiguldigitalpartners","name":"projects/dindiguldigitalpartners","resources":{"hostingSite":"dindiguldigitalpartners"},"state":"ACTIVE","etag":"1_6fe95540-6100-41d7-bd6c-3e960f0ce5e1"}
[info] i  Using project dindiguldigitalpartners (dindiguldigitalpartners) . 
[info] 
=== Hosting Setup
[debug] [2026-05-01T07:56:17.592Z] Checked if tokens are valid: true, expires at: 1777625646497
[debug] [2026-05-01T07:56:17.592Z] Checked if tokens are valid: true, expires at: 1777625646497
[debug] [2026-05-01T07:56:17.592Z] >>> [apiv2][query] GET https://firebase.googleapis.com/v1beta1/projects/dindiguldigitalpartners [none]
[debug] [2026-05-01T07:56:18.204Z] <<< [apiv2][status] GET https://firebase.googleapis.com/v1beta1/projects/dindiguldigitalpartners 200
[debug] [2026-05-01T07:56:18.204Z] <<< [apiv2][body] GET https://firebase.googleapis.com/v1beta1/projects/dindiguldigitalpartners {"projectId":"dindiguldigitalpartners","projectNumber":"203323277636","displayName":"dindiguldigitalpartners","name":"projects/dindiguldigitalpartners","resources":{"hostingSite":"dindiguldigitalpartners"},"state":"ACTIVE","etag":"1_6fe95540-6100-41d7-bd6c-3e960f0ce5e1"}
[info] 
[info] Your public directory is the folder (relative to your project directory) that
[info] will contain Hosting assets to be uploaded with firebase deploy. If you
[info] have a build process for your assets, use your build's output directory.
[info] 
[info] 
[info] i  Didn't detect a .git folder. Assuming C:\Rajamani\Personal\DDP is the project root. 
[info] i  Authorizing with GitHub to upload your service account to a GitHub repository's secrets store. 
[info] 
[info] Visit this URL on this device to log in:
[info] https://github.com/login/oauth/authorize?client_id=89cf50f02ac6aaed3484&state=78960223&redirect_uri=http%3A%2F%2Flocalhost%3A9005&scope=read%3Auser%20repo%20public_repo
[info] 
[info] Waiting for authentication...
[debug] [2026-05-01T07:57:20.787Z] >>> [apiv2][query] POST https://github.com/login/oauth/access_token [none]
[debug] [2026-05-01T07:57:20.787Z] >>> [apiv2][body] POST https://github.com/login/oauth/access_token [stream]
[debug] [2026-05-01T07:57:21.407Z] <<< [apiv2][status] POST https://github.com/login/oauth/access_token 200
[debug] [2026-05-01T07:57:21.407Z] <<< [apiv2][body] POST https://github.com/login/oauth/access_token {"access_token":"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","token_type":"bearer","scope":"read:user,repo"}
[debug] [2026-05-01T07:57:21.412Z] >>> [apiv2][query] GET https://api.github.com/user [none]
[debug] [2026-05-01T07:57:22.300Z] <<< [apiv2][status] GET https://api.github.com/user 200
[debug] [2026-05-01T07:57:22.300Z] <<< [apiv2][body] GET https://api.github.com/user {"login":"dindiguldigitalpartner-alt","id":280899701,"node_id":"U_kgDOEL4wdQ","avatar_url":"https://avatars.githubusercontent.com/u/280899701?v=4","gravatar_id":"","url":"https://api.github.com/users/dindiguldigitalpartner-alt","html_url":"https://github.com/dindiguldigitalpartner-alt","followers_url":"https://api.github.com/users/dindiguldigitalpartner-alt/followers","following_url":"https://api.github.com/users/dindiguldigitalpartner-alt/following{/other_user}","gists_url":"https://api.github.com/users/dindiguldigitalpartner-alt/gists{/gist_id}","starred_url":"https://api.github.com/users/dindiguldigitalpartner-alt/starred{/owner}{/repo}","subscriptions_url":"https://api.github.com/users/dindiguldigitalpartner-alt/subscriptions","organizations_url":"https://api.github.com/users/dindiguldigitalpartner-alt/orgs","repos_url":"https://api.github.com/users/dindiguldigitalpartner-alt/repos","events_url":"https://api.github.com/users/dindiguldigitalpartner-alt/events{/privacy}","received_events_url":"https://api.github.com/users/dindiguldigitalpartner-alt/received_events","type":"User","user_view_type":"private","site_admin":false,"name":null,"company":null,"blog":"","location":null,"email":null,"hireable":null,"bio":null,"twitter_username":null,"notification_email":null,"public_repos":0,"public_gists":0,"followers":0,"following":0,"created_at":"2026-05-01T07:57:15Z","updated_at":"2026-05-01T07:57:15Z","private_gists":0,"total_private_repos":0,"owned_private_repos":0,"disk_usage":0,"collaborators":0,"two_factor_authentication":false,"plan":{"name":"free","space":976562499,"collaborators":0,"private_repos":10000}}
[info] 
[info] +  Success! Logged into GitHub as dindiguldigitalpartner-alt 
[info] 
[debug] [2026-05-01T07:57:29.060Z] >>> [apiv2][query] GET https://api.github.com/repos/y/actions/secrets/public-key type=owner
[debug] [2026-05-01T07:57:29.661Z] <<< [apiv2][status] GET https://api.github.com/repos/y/actions/secrets/public-key 404
[debug] [2026-05-01T07:57:29.661Z] <<< [apiv2][body] GET https://api.github.com/repos/y/actions/secrets/public-key {"message":"Not Found","documentation_url":"https://docs.github.com/rest","status":"404"}
[info] 
[info] 
[error] !  The provided authorization cannot be used with this repository. If this repository is in an organization, did you remember to grant access? 
[info] 
[info] i  Action required: Visit this URL to ensure access has been granted to the appropriate organization(s) for the Firebase CLI GitHub OAuth App: 
[info] https://github.com/settings/connections/applications/89cf50f02ac6aaed3484
[info] 
